Arguments: 
  /Users/dev/.nvm/versions/node/v14.8.0/bin/node /usr/local/Cellar/yarn/1.22.5/libexec/bin/yarn.js add @openzepline

PATH: 
  /Users/dev/.nvm/versions/node/v14.8.0/bin:/usr/local/bin:/usr/bin:/bin:/usr/sbin:/sbin:/Users/dev/Downloads/sonar-scanner-4.4.0.2170-macosx/bin:/usr/local/share/dotnet:~/.dotnet/tools:/Library/Frameworks/Mono.framework/Versions/Current/Commands:/Users/dev/.nvm/versions/node/v14.8.0/bin:/usr/local/mysql/bin/:/usr/local/mysql/bin/

Yarn version: 
  1.22.5

Node version: 
  14.8.0

Platform: 
  darwin x64

Trace: 
  Error: https://registry.yarnpkg.com/@openzepline: Request "https://registry.yarnpkg.com/@openzepline" returned a 405
      at Request.params.callback [as _callback] (/usr/local/Cellar/yarn/1.22.5/libexec/lib/cli.js:66997:18)
      at Request.self.callback (/usr/local/Cellar/yarn/1.22.5/libexec/lib/cli.js:140749:22)
      at Request.emit (events.js:314:20)
      at Request.<anonymous> (/usr/local/Cellar/yarn/1.22.5/libexec/lib/cli.js:141721:10)
      at Request.emit (events.js:314:20)
      at IncomingMessage.<anonymous> (/usr/local/Cellar/yarn/1.22.5/libexec/lib/cli.js:141643:12)
      at Object.onceWrapper (events.js:420:28)
      at IncomingMessage.emit (events.js:326:22)
      at endReadableNT (_stream_readable.js:1244:12)
      at processTicksAndRejections (internal/process/task_queues.js:80:21)

npm manifest: 
  {
    "name": "ablock",
    "version": "1.0.0",
    "description": "Ablock Farming Contract",
    "main": "config.js",
    "directories": {
      "test": "test"
    },
    "scripts": {
      "test": "echo \"Error: no test specified\" && exit 1"
    },
    "author": "",
    "license": "ISC"
  }

yarn manifest: 
  No manifest

Lockfile: 
  No lockfile
